2025-03-27 00:50:14,550 - INFO - New listing found: BMW 240 M240 xDrive BMW F22 F87 M2 LCI M2 Competition
2025-03-27 00:50:14,557 - INFO - New listing found: BMW 240 M240XI 59000 km
2025-03-27 00:50:14,564 - INFO - New listing found: BMW 240 4.0i~480hp~B58!!
2025-03-27 00:50:14,571 - INFO - New listing found: BMW 240 Xdrive
2025-03-27 00:50:14,579 - INFO - New listing found: BMW 240
2025-03-27 00:50:14,586 - INFO - New listing found: BMW 240 X DRIVE
2025-03-27 00:50:14,593 - INFO - New listing found: BMW 240 m240i Xdrive
2025-03-27 00:50:14,600 - INFO - New listing found: BMW 240 M240i Xdrive Cabrio
2025-03-27 00:50:14,607 - INFO - New listing found: BMW 240 xDrive 560hp
2025-03-27 00:50:14,615 - INFO - New listing found: BMW 240 M XI
2025-03-27 00:50:14,622 - INFO - New listing found: BMW 240 M-пакет* Shadowline* Harman/Kardon* 360
2025-03-27 00:50:14,629 - INFO - New listing found: BMW 240 M240I XDRIVE * CARFAX * АВТО КРЕДИТ
2025-03-27 00:50:14,636 - INFO - New listing found: BMW 240 M CARFAX! Авто Кредит!
2025-03-27 00:50:14,643 - INFO - New listing found: BMW 240 M XDrive cabrio
2025-03-27 00:50:14,650 - INFO - New listing found: BMW 240 xDrive
2025-03-27 00:50:14,651 - ERROR - Error processing listing: 'NoneType' object has no attribute 'find'
2025-03-27 00:50:15,499 - ERROR - Failed to send email notification: (534, b'5.7.9 Application-specific password required. For more information, go to\n5.7.9  https://support.google.com/mail/?p=InvalidSecondFactor a640c23a62f3a-ac3ef8d3961sm1094536266b.45 - gsmtp')
2025-03-27 01:16:54,161 - ERROR - Error processing listing: 'NoneType' object has no attribute 'find'
2025-03-27 01:17:57,564 - ERROR - Error processing listing: 'NoneType' object has no attribute 'find'
2025-03-27 01:18:31,363 - INFO - New listing found: Имало ли е натиск по казуса с МЕЧ?
2025-03-27 01:18:31,708 - INFO - Telegram notification sent successfully
2025-03-27 01:20:35,183 - INFO - New listing found: BMW 240 M240 xDrive BMW F22 F87 M2 LCI M2 Competition
2025-03-27 01:20:35,191 - INFO - New listing found: BMW 240 M240XI 59000 km
2025-03-27 01:20:35,199 - INFO - New listing found: BMW 240 4.0i~480hp~B58!!
2025-03-27 01:20:35,206 - INFO - New listing found: BMW 240 Xdrive
2025-03-27 01:20:35,214 - INFO - New listing found: BMW 240
2025-03-27 01:20:35,221 - INFO - New listing found: BMW 240 X DRIVE
2025-03-27 01:20:35,229 - INFO - New listing found: BMW 240 m240i Xdrive
2025-03-27 01:20:35,236 - INFO - New listing found: BMW 240 M240i Xdrive Cabrio
2025-03-27 01:20:35,243 - INFO - New listing found: BMW 240 xDrive 560hp
2025-03-27 01:20:35,251 - INFO - New listing found: BMW 240 M XI
2025-03-27 01:20:35,258 - INFO - New listing found: BMW 240 M-пакет* Shadowline* Harman/Kardon* 360
2025-03-27 01:20:35,266 - INFO - New listing found: BMW 240 M240I XDRIVE * CARFAX * АВТО КРЕДИТ
2025-03-27 01:20:35,274 - INFO - New listing found: BMW 240 M CARFAX! Авто Кредит!
2025-03-27 01:20:35,281 - INFO - New listing found: BMW 240 M XDrive cabrio
2025-03-27 01:20:35,289 - INFO - New listing found: BMW 240 xDrive
2025-03-27 01:20:35,663 - INFO - Telegram notification sent successfully
2025-03-27 01:20:35,955 - INFO - Telegram notification sent successfully
2025-03-27 01:22:27,707 - INFO - New listing found: BMW 240 M240 xDrive BMW F22 F87 M2 LCI M2 Competition
2025-03-27 01:22:27,714 - INFO - New listing found: BMW 240 M240XI 59000 km
2025-03-27 01:22:27,721 - INFO - New listing found: BMW 240 4.0i~480hp~B58!!
2025-03-27 01:22:27,728 - INFO - New listing found: BMW 240 Xdrive
2025-03-27 01:22:27,736 - INFO - New listing found: BMW 240
2025-03-27 01:22:27,743 - INFO - New listing found: BMW 240 X DRIVE
2025-03-27 01:22:27,750 - INFO - New listing found: BMW 240 m240i Xdrive
2025-03-27 01:22:27,757 - INFO - New listing found: BMW 240 M240i Xdrive Cabrio
2025-03-27 01:22:27,764 - INFO - New listing found: BMW 240 xDrive 560hp
2025-03-27 01:22:27,771 - INFO - New listing found: BMW 240 M XI
2025-03-27 01:22:27,779 - INFO - New listing found: BMW 240 M-пакет* Shadowline* Harman/Kardon* 360
2025-03-27 01:22:27,786 - INFO - New listing found: BMW 240 M240I XDRIVE * CARFAX * АВТО КРЕДИТ
2025-03-27 01:22:27,794 - INFO - New listing found: BMW 240 M CARFAX! Авто Кредит!
2025-03-27 01:22:27,801 - INFO - New listing found: BMW 240 M XDrive cabrio
2025-03-27 01:22:27,809 - INFO - New listing found: BMW 240 xDrive
2025-03-27 01:22:28,158 - INFO - Telegram notification sent successfully
2025-03-27 01:23:28,600 - INFO - New listing found: BMW 240 M240 xDrive BMW F22 F87 M2 LCI M2 Competition
2025-03-27 01:23:28,607 - INFO - New listing found: BMW 240 M240XI 59000 km
2025-03-27 01:23:28,614 - INFO - New listing found: BMW 240 4.0i~480hp~B58!!
2025-03-27 01:23:28,621 - INFO - New listing found: BMW 240 Xdrive
2025-03-27 01:23:28,629 - INFO - New listing found: BMW 240
2025-03-27 01:23:28,636 - INFO - New listing found: BMW 240 X DRIVE
2025-03-27 01:23:28,813 - INFO - New listing found: BMW 240 m240i Xdrive
2025-03-27 01:23:28,821 - INFO - New listing found: BMW 240 M240i Xdrive Cabrio
2025-03-27 01:23:28,827 - INFO - New listing found: BMW 240 xDrive 560hp
2025-03-27 01:23:28,834 - INFO - New listing found: BMW 240 M XI
2025-03-27 01:23:28,842 - INFO - New listing found: BMW 240 M-пакет* Shadowline* Harman/Kardon* 360
2025-03-27 01:23:28,849 - INFO - New listing found: BMW 240 M240I XDRIVE * CARFAX * АВТО КРЕДИТ
2025-03-27 01:23:28,856 - INFO - New listing found: BMW 240 M CARFAX! Авто Кредит!
2025-03-27 01:23:28,863 - INFO - New listing found: BMW 240 M XDrive cabrio
2025-03-27 01:23:28,870 - INFO - New listing found: BMW 240 xDrive
2025-03-27 01:23:29,224 - INFO - Telegram notification sent successfully
2025-03-27 01:24:58,427 - INFO - New listing found: BMW 240 M240 xDrive BMW F22 F87 M2 LCI M2 Competition
2025-03-27 01:24:58,434 - INFO - New listing found: BMW 240 M240XI 59000 km
2025-03-27 01:24:58,442 - INFO - New listing found: BMW 240 4.0i~480hp~B58!!
2025-03-27 01:24:58,449 - INFO - New listing found: BMW 240 Xdrive
2025-03-27 01:24:58,456 - INFO - New listing found: BMW 240
2025-03-27 01:24:58,463 - INFO - New listing found: BMW 240 X DRIVE
2025-03-27 01:24:58,470 - INFO - New listing found: BMW 240 m240i Xdrive
2025-03-27 01:24:58,477 - INFO - New listing found: BMW 240 M240i Xdrive Cabrio
2025-03-27 01:24:58,484 - INFO - New listing found: BMW 240 xDrive 560hp
2025-03-27 01:24:58,491 - INFO - New listing found: BMW 240 M XI
2025-03-27 01:24:58,543 - INFO - New listing found: BMW 240 M XDrive cabrio
2025-03-27 01:24:58,550 - INFO - New listing found: BMW 240 xDrive
2025-03-27 01:24:58,924 - INFO - Telegram notification sent successfully
2025-03-27 01:27:25,754 - INFO - Found 0 total listings on the page
2025-03-27 01:27:25,755 - INFO - Found 0 existing listings in database
2025-03-27 01:27:25,755 - INFO - Found 0 new listings to notify about
2025-03-27 01:27:25,755 - INFO - No new listings to notify about
2025-03-27 01:27:31,775 - INFO - Found 0 total listings on the page
2025-03-27 01:27:31,776 - INFO - Found 0 existing listings in database
2025-03-27 01:27:31,776 - INFO - Found 0 new listings to notify about
2025-03-27 01:27:31,776 - INFO - No new listings to notify about
2025-03-27 01:28:18,626 - INFO - Found 0 total listings on the page
2025-03-27 01:28:18,627 - INFO - Database exists and contains 0 listings
2025-03-27 01:28:18,627 - INFO - Database is empty, treating all listings as new
2025-03-27 01:28:18,627 - INFO - Found 0 new listings to notify about
2025-03-27 01:28:18,627 - INFO - No new listings to notify about
2025-03-27 01:28:37,850 - INFO - Found 0 total listings on the page
2025-03-27 01:28:37,850 - INFO - Database exists and contains 0 listings
2025-03-27 01:28:37,850 - INFO - Database is empty, treating all listings as new
2025-03-27 01:28:37,850 - INFO - Found 0 new listings to notify about
2025-03-27 01:28:37,850 - INFO - No new listings to notify about
2025-03-27 01:28:42,054 - INFO - Found 0 total listings on the page
2025-03-27 01:28:42,055 - INFO - Database exists and contains 0 listings
2025-03-27 01:28:42,055 - INFO - Database is empty, treating all listings as new
2025-03-27 01:28:42,055 - INFO - Found 0 new listings to notify about
2025-03-27 01:28:42,055 - INFO - No new listings to notify about
2025-03-27 01:28:51,385 - INFO - New listing found: BMW 240 M240 xDrive BMW F22 F87 M2 LCI M2 Competition
2025-03-27 01:28:51,392 - INFO - New listing found: BMW 240 M240XI 59000 km
2025-03-27 01:28:51,399 - INFO - New listing found: BMW 240 4.0i~480hp~B58!!
2025-03-27 01:28:51,406 - INFO - New listing found: BMW 240 Xdrive
2025-03-27 01:28:51,413 - INFO - New listing found: BMW 240
2025-03-27 01:28:51,420 - INFO - New listing found: BMW 240 X DRIVE
2025-03-27 01:28:51,427 - INFO - New listing found: BMW 240 m240i Xdrive
2025-03-27 01:28:51,434 - INFO - New listing found: BMW 240 M240i Xdrive Cabrio
2025-03-27 01:28:51,441 - INFO - New listing found: BMW 240 xDrive 560hp
2025-03-27 01:28:51,448 - INFO - New listing found: BMW 240 M XI
2025-03-27 01:28:51,455 - INFO - New listing found: BMW 240 M-пакет* Shadowline* Harman/Kardon* 360
2025-03-27 01:28:51,462 - INFO - New listing found: BMW 240 M240I XDRIVE * CARFAX * АВТО КРЕДИТ
2025-03-27 01:28:51,469 - INFO - New listing found: BMW 240 M CARFAX! Авто Кредит!
2025-03-27 01:28:51,476 - INFO - New listing found: BMW 240 M XDrive cabrio
2025-03-27 01:28:51,483 - INFO - New listing found: BMW 240 xDrive
2025-03-27 01:28:51,848 - INFO - Telegram notification sent successfully
2025-03-27 01:29:29,407 - INFO - Found 0 total listings on the page
2025-03-27 01:29:29,408 - INFO - Found 0 new listings to notify about
2025-03-27 01:29:29,408 - INFO - No new listings to notify about
2025-03-27 01:29:34,720 - INFO - Found 0 total listings on the page
2025-03-27 01:29:34,722 - INFO - Database is empty, treating all listings as new
2025-03-27 01:29:34,722 - INFO - Found 0 new listings to notify about
2025-03-27 01:29:34,722 - INFO - No new listings to notify about
2025-03-27 01:29:41,290 - INFO - New listing found: BMW 240 M240 xDrive BMW F22 F87 M2 LCI M2 Competition
2025-03-27 01:29:41,297 - INFO - New listing found: BMW 240 M240XI 59000 km
2025-03-27 01:29:41,304 - INFO - New listing found: BMW 240 4.0i~480hp~B58!!
2025-03-27 01:29:41,311 - INFO - New listing found: BMW 240 Xdrive
2025-03-27 01:29:41,319 - INFO - New listing found: BMW 240
2025-03-27 01:29:41,326 - INFO - New listing found: BMW 240 X DRIVE
2025-03-27 01:29:41,333 - INFO - New listing found: BMW 240 m240i Xdrive
2025-03-27 01:29:41,340 - INFO - New listing found: BMW 240 M240i Xdrive Cabrio
2025-03-27 01:29:41,347 - INFO - New listing found: BMW 240 xDrive 560hp
2025-03-27 01:29:41,354 - INFO - New listing found: BMW 240 M XI
2025-03-27 01:29:41,361 - INFO - New listing found: BMW 240 M-пакет* Shadowline* Harman/Kardon* 360
2025-03-27 01:29:41,368 - INFO - New listing found: BMW 240 M240I XDRIVE * CARFAX * АВТО КРЕДИТ
2025-03-27 01:29:41,374 - INFO - New listing found: BMW 240 M CARFAX! Авто Кредит!
2025-03-27 01:29:41,382 - INFO - New listing found: BMW 240 M XDrive cabrio
2025-03-27 01:29:41,388 - INFO - New listing found: BMW 240 xDrive
2025-03-27 01:29:41,691 - INFO - Telegram notification sent successfully
2025-03-27 01:40:06,618 - INFO - New listing found: BMW 240 M240 xDrive BMW F22 F87 M2 LCI M2 Competition
2025-03-27 01:40:06,626 - INFO - New listing found: BMW 240 M240XI 59000 km
2025-03-27 01:40:06,632 - INFO - New listing found: BMW 240 4.0i~480hp~B58!!
2025-03-27 01:40:06,639 - INFO - New listing found: BMW 240 Xdrive
2025-03-27 01:40:06,646 - INFO - New listing found: BMW 240
2025-03-27 01:40:06,652 - INFO - New listing found: BMW 240 X DRIVE
2025-03-27 01:40:06,659 - INFO - New listing found: BMW 240 m240i Xdrive
2025-03-27 01:40:06,666 - INFO - New listing found: BMW 240 M240i Xdrive Cabrio
2025-03-27 01:40:06,672 - INFO - New listing found: BMW 240 xDrive 560hp
2025-03-27 01:40:06,680 - INFO - New listing found: BMW 240 M XI
2025-03-27 01:40:06,686 - INFO - New listing found: BMW 240 M-пакет* Shadowline* Harman/Kardon* 360
2025-03-27 01:40:06,694 - INFO - New listing found: BMW 240 M240I XDRIVE * CARFAX * АВТО КРЕДИТ
2025-03-27 01:40:06,701 - INFO - New listing found: BMW 240 M CARFAX! Авто Кредит!
2025-03-27 01:40:06,708 - INFO - New listing found: BMW 240 M XDrive cabrio
2025-03-27 01:40:06,715 - INFO - New listing found: BMW 240 xDrive
2025-03-27 01:40:07,101 - INFO - Telegram notification sent successfully
2025-03-27 01:40:58,941 - INFO - Setting up database...
2025-03-27 01:40:58,942 - INFO - Database setup complete
2025-03-27 01:40:59,321 - INFO - Found 15 existing listings in database
